<?xml version="1.0" encoding="UTF-8" ?>
<testsuite failures="0" time="0.029" errors="0" skipped="0" tests="1" name="ps.bd.AppTest">
  <properties>
    <property name="java.runtime.name" value="Java(TM) SE Runtime Environment"/>
    <property name="sun.boot.library.path" value="C:\Java\jdk1.7.0_71\jre\bin"/>
    <property name="java.vm.version" value="24.71-b01"/>
    <property name="java.vm.vendor" value="Oracle Corporation"/>
    <property name="java.vendor.url" value="http://java.oracle.com/"/>
    <property name="path.separator" value=";"/>
    <property name="guice.disable.misplaced.annotation.check" value="true"/>
    <property name="java.vm.name" value="Java HotSpot(TM) 64-Bit Server VM"/>
    <property name="file.encoding.pkg" value="sun.io"/>
    <property name="user.script" value=""/>
    <property name="user.country" value="US"/>
    <property name="sun.java.launcher" value="SUN_STANDARD"/>
    <property name="sun.os.patch.level" value="Service Pack 1"/>
    <property name="java.vm.specification.name" value="Java Virtual Machine Specification"/>
    <property name="user.dir" value="C:\Users\vverma\workspace-kepler\SparkStreamingTwitterAnalytics"/>
    <property name="java.runtime.version" value="1.7.0_71-b14"/>
    <property name="java.awt.graphicsenv" value="sun.awt.Win32GraphicsEnvironment"/>
    <property name="java.endorsed.dirs" value="C:\Java\jdk1.7.0_71\jre\lib\endorsed"/>
    <property name="os.arch" value="amd64"/>
    <property name="java.io.tmpdir" value="C:\Users\vverma\AppData\Local\Temp\"/>
    <property name="line.separator" value="
"/>
    <property name="java.vm.specification.vendor" value="Oracle Corporation"/>
    <property name="user.variant" value=""/>
    <property name="os.name" value="Windows 7"/>
    <property name="classworlds.conf" value="C:\Users\vverma\workspace-kepler\.metadata\.plugins\org.eclipse.m2e.launching\launches\m2conf8444509254442765817.tmp"/>
    <property name="sun.jnu.encoding" value="Cp1252"/>
    <property name="java.library.path" value="C:\Java\jdk1.7.0_71\bin;C:\Windows\Sun\Java\bin;C:\Windows\system32;C:\Windows;C:/Java/jdk1.7.0_71/bin/../jre/bin/server;C:/Java/jdk1.7.0_71/bin/../jre/bin;C:/Java/jdk1.7.0_71/bin/../jre/lib/amd64;C:\Java\jdk1.7.0_71\bin;c:\Oracle\product\11.2.0\client_64bit\bin;C:\oracle\product\11.2.0\client_32bit\bin;C:\Informatica\9.1.0\DataTransformation\bin;C:\Informatica\9.1.0\clients\tools\datadirect;C:\Informatica\9.1.0\clients\DeveloperClient\bin;C:\Informatica\9.1.0\clients\java\jre\bin\server;C:\Program Files (x86)\RSA SecurID Token Common;C:\Windows\system32;C:\Windows;C:\Windows\System32\Wbem;C:\Windows\System32\WindowsPowerShell\v1.0\;C:\Program Files\TortoiseSVN\bin;C:\Programs\cURL\bin;C:\Programs\scala\bin;C:\Programs\apache-maven-3.2.5\bin;C:\Program Files (x86)\QuickTime\QTSystem\;.;;C:\Programs\eclipse-jee-kepler-SR2-win32-x86_64\eclipse;;.;;."/>
    <property name="java.specification.name" value="Java Platform API Specification"/>
    <property name="java.class.version" value="51.0"/>
    <property name="sun.management.compiler" value="HotSpot 64-Bit Tiered Compilers"/>
    <property name="os.version" value="6.1"/>
    <property name="user.home" value="C:\Users\vverma"/>
    <property name="user.timezone" value="GMT-08:00"/>
    <property name="java.awt.printerjob" value="sun.awt.windows.WPrinterJob"/>
    <property name="java.specification.version" value="1.7"/>
    <property name="file.encoding" value="Cp1252"/>
    <property name="user.name" value="vverma"/>
    <property name="java.class.path" value="/C:/Programs/eclipse-jee-kepler-SR2-win32-x86_64/eclipse/configuration/org.eclipse.osgi/bundles/535/1/.cp/jars/plexus-classworlds-2.4.jar"/>
    <property name="java.vm.specification.version" value="1.7"/>
    <property name="sun.arch.data.model" value="64"/>
    <property name="java.home" value="C:\Java\jdk1.7.0_71\jre"/>
    <property name="sun.java.command" value="org.codehaus.plexus.classworlds.launcher.Launcher -B clean compile package install"/>
    <property name="java.specification.vendor" value="Oracle Corporation"/>
    <property name="user.language" value="en"/>
    <property name="awt.toolkit" value="sun.awt.windows.WToolkit"/>
    <property name="java.vm.info" value="mixed mode"/>
    <property name="java.version" value="1.7.0_71"/>
    <property name="java.ext.dirs" value="C:\Java\jdk1.7.0_71\jre\lib\ext;C:\Windows\Sun\Java\lib\ext"/>
    <property name="sun.boot.class.path" value="C:\Java\jdk1.7.0_71\jre\lib\resources.jar;C:\Java\jdk1.7.0_71\jre\lib\rt.jar;C:\Java\jdk1.7.0_71\jre\lib\sunrsasign.jar;C:\Java\jdk1.7.0_71\jre\lib\jsse.jar;C:\Java\jdk1.7.0_71\jre\lib\jce.jar;C:\Java\jdk1.7.0_71\jre\lib\charsets.jar;C:\Java\jdk1.7.0_71\jre\lib\jfr.jar;C:\Java\jdk1.7.0_71\jre\classes"/>
    <property name="java.vendor" value="Oracle Corporation"/>
    <property name="maven.home" value="C:\Users\vverma\workspace-kepler\SparkStreamingTwitterAnalytics\EMBEDDED"/>
    <property name="file.separator" value="\"/>
    <property name="java.vendor.url.bug" value="http://bugreport.sun.com/bugreport/"/>
    <property name="maven.bootclasspath" value="/C:/Programs/eclipse-jee-kepler-SR2-win32-x86_64/eclipse/configuration/org.eclipse.osgi/bundles/535/1/.cp/jars/plexus-classworlds-2.4.jar"/>
    <property name="sun.cpu.endian" value="little"/>
    <property name="sun.io.unicode.encoding" value="UnicodeLittle"/>
    <property name="sun.desktop" value="windows"/>
    <property name="sun.cpu.isalist" value="amd64"/>
  </properties>
  <testcase time="0.003" classname="ps.bd.AppTest" name="testOK"/>
</testsuite>